{
  "stats": {
    "suites": 1,
    "tests": 2,
    "passes": 2,
    "pending": 0,
    "failures": 0,
    "start": "2025-11-20T22:09:57.014Z",
    "end": "2025-11-20T22:10:10.522Z",
    "duration": 13508,
    "testsRegistered": 2,
    "passPercent": 100,
    "pendingPercent": 0,
    "other": 0,
    "hasOther": false,
    "skipped": 0,
    "hasSkipped": false
  },
  "results": [
    {
      "uuid": "6bf4548b-a82c-4317-bad7-f9ec20a758aa",
      "title": "",
      "fullFile": "cypress\\e2e\\feature\\testlogin3.cy.js",
      "file": "cypress\\e2e\\feature\\testlogin3.cy.js",
      "beforeHooks": [],
      "afterHooks": [],
      "tests": [],
      "suites": [
        {
          "uuid": "a0d775e5-c44c-4707-b62d-99a572dceecb",
          "title": "Successful log out from an admin user and employee search",
          "fullFile": "",
          "file": "",
          "beforeHooks": [],
          "afterHooks": [],
          "tests": [
            {
              "title": "should log in and out successfully with admin user",
              "fullTitle": "Successful log out from an admin user and employee search should log in and out successfully with admin user",
              "timedOut": null,
              "duration": 5128,
              "state": "passed",
              "speed": "medium",
              "pass": true,
              "fail": false,
              "pending": false,
              "context": null,
              "code": "loginPage.login(_userOrange.default.admin_user.username, _userOrange.default.admin_user.password);\ndashboardPage.asssertUrlContainsDashboard();\ndashboardPage.openUserDropdown();\ndashboardPage.assertDropdownElements();\ndashboardPage.clickOnLogout();\nloginPage.ignoreException();\nloginPage.asssertUrlContainslogin();",
              "err": {},
              "uuid": "df3023d6-c352-488b-bdf2-ba057fa6f7e0",
              "parentUUID": "a0d775e5-c44c-4707-b62d-99a572dceecb",
              "isHook": false,
              "skipped": false
            },
            {
              "title": "user exists in PIM Page ",
              "fullTitle": "Successful log out from an admin user and employee search user exists in PIM Page ",
              "timedOut": null,
              "duration": 5790,
              "state": "passed",
              "speed": "medium",
              "pass": true,
              "fail": false,
              "pending": false,
              "context": null,
              "code": "loginPage.login(_userOrange.default.admin_user.username, _userOrange.default.admin_user.password);\ndashboardPage.asssertUrlContainsDashboard();\nsideNavBar.selectPIM();\npimPage.enterEmployeeName();\npimPage.selectEmployeeName();\npimPage.submitSearch();\npimPage.assertEmployeeFirstName();\npimPage.assertEmployeeLastName();",
              "err": {},
              "uuid": "97438612-0bdc-4394-8895-f0a238b3de8b",
              "parentUUID": "a0d775e5-c44c-4707-b62d-99a572dceecb",
              "isHook": false,
              "skipped": false
            }
          ],
          "suites": [],
          "passes": [
            "df3023d6-c352-488b-bdf2-ba057fa6f7e0",
            "97438612-0bdc-4394-8895-f0a238b3de8b"
          ],
          "failures": [],
          "pending": [],
          "skipped": [],
          "duration": 10918,
          "root": false,
          "rootEmpty": false,
          "_timeout": 2000
        }
      ],
      "passes": [],
      "failures": [],
      "pending": [],
      "skipped": [],
      "duration": 0,
      "root": true,
      "rootEmpty": true,
      "_timeout": 2000
    }
  ],
  "meta": {
    "mocha": {
      "version": "7.2.0"
    },
    "mochawesome": {
      "options": {
        "quiet": false,
        "reportFilename": "mochawesome",
        "saveHtml": false,
        "saveJson": true,
        "consoleReporter": "spec",
        "useInlineDiffs": false,
        "code": true
      },
      "version": "7.1.4"
    },
    "marge": {
      "options": {
        "reportDir": "cypress/reports",
        "overwrite": false,
        "html": false,
        "json": true
      },
      "version": "6.3.2"
    }
  }
}