{
  "stats": {
    "suites": 1,
    "tests": 1,
    "passes": 1,
    "pending": 0,
    "failures": 0,
    "start": "2025-11-20T22:09:03.952Z",
    "end": "2025-11-20T22:09:38.031Z",
    "duration": 34079,
    "testsRegistered": 1,
    "passPercent": 100,
    "pendingPercent": 0,
    "other": 0,
    "hasOther": false,
    "skipped": 0,
    "hasSkipped": false
  },
  "results": [
    {
      "uuid": "d6b42b00-b071-4479-9970-d294cfebdb8d",
      "title": "",
      "fullFile": "cypress\\e2e\\feature\\homeworkFlow2.cy.js",
      "file": "cypress\\e2e\\feature\\homeworkFlow2.cy.js",
      "beforeHooks": [],
      "afterHooks": [],
      "tests": [],
      "suites": [
        {
          "uuid": "af00077c-1ac3-430e-84cb-a587690cce33",
          "title": "Filling out and submitting the registration form",
          "fullFile": "",
          "file": "",
          "beforeHooks": [],
          "afterHooks": [],
          "tests": [
            {
              "title": "Filling out a complete form",
              "fullTitle": "Filling out and submitting the registration form Filling out a complete form",
              "timedOut": null,
              "duration": 31230,
              "state": "passed",
              "speed": "slow",
              "pass": true,
              "fail": false,
              "pending": false,
              "context": null,
              "code": "cy.get('#firstName').type(_formData.default.firstName);\ncy.get('#lastName').type(_formData.default.lastName);\ncy.get('#userEmail').type(_formData.default.email);\ncy.contains('label', 'Male').click();\ncy.get('#userNumber').type(_formData.default.phoneNumber);\ncy.get('#dateOfBirthInput').click();\ncy.get('.react-datepicker__month-select').select(_formData.default.birthday.month);\ncy.get('.react-datepicker__year-select').select(_formData.default.birthday.year);\ncy.contains('div.react-datepicker__day', _formData.default.birthday.day).click();\ncy.get('#subjectsInput').type('C');\ncy.contains('div[id^=react-select]', 'Computer Science').click();\ncy.contains('label', 'Sports').click();\ncy.get('#uploadPicture').attachFile('pic1.png');\ncy.get('#currentAddress').type(_formData.default.address);\ncy.get('#state').click();\ncy.contains('Haryana').click();\ncy.get('#city').click();\ncy.contains('#react-select-4-option-0', 'Karnal').click();\ncy.get('#submit').click();\n//Assertions\ncy.get('.modal-content').should('be.visible');\ncy.get('.modal-header').should('include.text', 'Thanks for submitting the form');\ncy.get('.modal-body').should('include.text', _formData.default.firstName + ' ' + _formData.default.lastName);",
              "err": {},
              "uuid": "c65743e3-8a1e-436c-a274-81f8e704dd08",
              "parentUUID": "af00077c-1ac3-430e-84cb-a587690cce33",
              "isHook": false,
              "skipped": false
            }
          ],
          "suites": [],
          "passes": [
            "c65743e3-8a1e-436c-a274-81f8e704dd08"
          ],
          "failures": [],
          "pending": [],
          "skipped": [],
          "duration": 31230,
          "root": false,
          "rootEmpty": false,
          "_timeout": 2000
        }
      ],
      "passes": [],
      "failures": [],
      "pending": [],
      "skipped": [],
      "duration": 0,
      "root": true,
      "rootEmpty": true,
      "_timeout": 2000
    }
  ],
  "meta": {
    "mocha": {
      "version": "7.2.0"
    },
    "mochawesome": {
      "options": {
        "quiet": false,
        "reportFilename": "mochawesome",
        "saveHtml": false,
        "saveJson": true,
        "consoleReporter": "spec",
        "useInlineDiffs": false,
        "code": true
      },
      "version": "7.1.4"
    },
    "marge": {
      "options": {
        "reportDir": "cypress/reports",
        "overwrite": false,
        "html": false,
        "json": true
      },
      "version": "6.3.2"
    }
  }
}