{
  "stats": {
    "suites": 1,
    "tests": 2,
    "passes": 2,
    "pending": 0,
    "failures": 0,
    "start": "2025-11-20T22:09:48.845Z",
    "end": "2025-11-20T22:09:48.931Z",
    "duration": 86,
    "testsRegistered": 2,
    "passPercent": 100,
    "pendingPercent": 0,
    "other": 0,
    "hasOther": false,
    "skipped": 0,
    "hasSkipped": false
  },
  "results": [
    {
      "uuid": "f926f9df-959d-4fde-b3f8-b96e060713ca",
      "title": "",
      "fullFile": "cypress\\e2e\\feature\\tareahook.cy.js",
      "file": "cypress\\e2e\\feature\\tareahook.cy.js",
      "beforeHooks": [],
      "afterHooks": [],
      "tests": [],
      "suites": [
        {
          "uuid": "f295640f-f18f-4f4d-b090-e1411b320448",
          "title": "Hook homework",
          "fullFile": "",
          "file": "",
          "beforeHooks": [],
          "afterHooks": [],
          "tests": [
            {
              "title": "Test 1",
              "fullTitle": "Hook homework Test 1",
              "timedOut": null,
              "duration": 40,
              "state": "passed",
              "speed": "fast",
              "pass": true,
              "fail": false,
              "pending": false,
              "context": null,
              "code": "cy.log('Executing first scenario');",
              "err": {},
              "uuid": "57049483-035a-46ad-963a-c65ff4b03d1a",
              "parentUUID": "f295640f-f18f-4f4d-b090-e1411b320448",
              "isHook": false,
              "skipped": false
            },
            {
              "title": "Test 2",
              "fullTitle": "Hook homework Test 2",
              "timedOut": null,
              "duration": 12,
              "state": "passed",
              "speed": "fast",
              "pass": true,
              "fail": false,
              "pending": false,
              "context": null,
              "code": "cy.log('Executing second scenario');",
              "err": {},
              "uuid": "df5969e1-c684-4cea-8abf-178dba7e091c",
              "parentUUID": "f295640f-f18f-4f4d-b090-e1411b320448",
              "isHook": false,
              "skipped": false
            }
          ],
          "suites": [],
          "passes": [
            "57049483-035a-46ad-963a-c65ff4b03d1a",
            "df5969e1-c684-4cea-8abf-178dba7e091c"
          ],
          "failures": [],
          "pending": [],
          "skipped": [],
          "duration": 52,
          "root": false,
          "rootEmpty": false,
          "_timeout": 2000
        }
      ],
      "passes": [],
      "failures": [],
      "pending": [],
      "skipped": [],
      "duration": 0,
      "root": true,
      "rootEmpty": true,
      "_timeout": 2000
    }
  ],
  "meta": {
    "mocha": {
      "version": "7.2.0"
    },
    "mochawesome": {
      "options": {
        "quiet": false,
        "reportFilename": "mochawesome",
        "saveHtml": false,
        "saveJson": true,
        "consoleReporter": "spec",
        "useInlineDiffs": false,
        "code": true
      },
      "version": "7.1.4"
    },
    "marge": {
      "options": {
        "reportDir": "cypress/reports",
        "overwrite": false,
        "html": false,
        "json": true
      },
      "version": "6.3.2"
    }
  }
}