{
  "stats": {
    "suites": 1,
    "tests": 3,
    "passes": 3,
    "pending": 0,
    "failures": 0,
    "start": "2025-11-20T22:08:49.880Z",
    "end": "2025-11-20T22:09:02.508Z",
    "duration": 12628,
    "testsRegistered": 3,
    "passPercent": 100,
    "pendingPercent": 0,
    "other": 0,
    "hasOther": false,
    "skipped": 0,
    "hasSkipped": false
  },
  "results": [
    {
      "uuid": "7e2d1d9c-6a9d-400f-882f-0169f5aea02c",
      "title": "",
      "fullFile": "cypress\\e2e\\feature\\browseractions.cy.js",
      "file": "cypress\\e2e\\feature\\browseractions.cy.js",
      "beforeHooks": [],
      "afterHooks": [],
      "tests": [],
      "suites": [
        {
          "uuid": "258c389a-8c0f-4f91-b0a6-eb7d515b928e",
          "title": "browser actions",
          "fullFile": "",
          "file": "",
          "beforeHooks": [],
          "afterHooks": [],
          "tests": [
            {
              "title": "Test 1 - Set browser size",
              "fullTitle": "browser actions Test 1 - Set browser size",
              "timedOut": null,
              "duration": 1477,
              "state": "passed",
              "speed": "fast",
              "pass": true,
              "fail": false,
              "pending": false,
              "context": null,
              "code": "cy.visit(\"https://www.saucedemo.com/\");\ncy.viewport(1200, 800);\ncy.url().should('include', \"saucedemo\");",
              "err": {},
              "uuid": "4766b6c7-c1a6-48cf-8d5a-e1e927b6b1f8",
              "parentUUID": "258c389a-8c0f-4f91-b0a6-eb7d515b928e",
              "isHook": false,
              "skipped": false
            },
            {
              "title": "Test 2 - Navigate forward / backward",
              "fullTitle": "browser actions Test 2 - Navigate forward / backward",
              "timedOut": null,
              "duration": 637,
              "state": "passed",
              "speed": "fast",
              "pass": true,
              "fail": false,
              "pending": false,
              "context": null,
              "code": "cy.visit(\"https://example.cypress.io/commands/actions\");\ncy.go('back');\ncy.go('forward');\ncy.url().should('include', '/actions');",
              "err": {},
              "uuid": "414ecb69-123c-4e4e-9ac7-0b2f51717066",
              "parentUUID": "258c389a-8c0f-4f91-b0a6-eb7d515b928e",
              "isHook": false,
              "skipped": false
            },
            {
              "title": "Test 3 - Reload the page",
              "fullTitle": "browser actions Test 3 - Reload the page",
              "timedOut": null,
              "duration": 2894,
              "state": "passed",
              "speed": "fast",
              "pass": true,
              "fail": false,
              "pending": false,
              "context": null,
              "code": "cy.visit(\"https://www.easyenglish.bible/bible/easy/\");\ncy.reload();\ncy.title().should('not.be.empty');",
              "err": {},
              "uuid": "fea0b36e-9e5a-4ad6-b300-3e1e13adab87",
              "parentUUID": "258c389a-8c0f-4f91-b0a6-eb7d515b928e",
              "isHook": false,
              "skipped": false
            }
          ],
          "suites": [],
          "passes": [
            "4766b6c7-c1a6-48cf-8d5a-e1e927b6b1f8",
            "414ecb69-123c-4e4e-9ac7-0b2f51717066",
            "fea0b36e-9e5a-4ad6-b300-3e1e13adab87"
          ],
          "failures": [],
          "pending": [],
          "skipped": [],
          "duration": 5008,
          "root": false,
          "rootEmpty": false,
          "_timeout": 2000
        }
      ],
      "passes": [],
      "failures": [],
      "pending": [],
      "skipped": [],
      "duration": 0,
      "root": true,
      "rootEmpty": true,
      "_timeout": 2000
    }
  ],
  "meta": {
    "mocha": {
      "version": "7.2.0"
    },
    "mochawesome": {
      "options": {
        "quiet": false,
        "reportFilename": "mochawesome",
        "saveHtml": false,
        "saveJson": true,
        "consoleReporter": "spec",
        "useInlineDiffs": false,
        "code": true
      },
      "version": "7.1.4"
    },
    "marge": {
      "options": {
        "reportDir": "cypress/reports",
        "overwrite": false,
        "html": false,
        "json": true
      },
      "version": "6.3.2"
    }
  }
}