{
  "stats": {
    "suites": 1,
    "tests": 1,
    "passes": 1,
    "pending": 0,
    "failures": 0,
    "start": "2025-11-20T22:09:51.061Z",
    "end": "2025-11-20T22:09:53.294Z",
    "duration": 2233,
    "testsRegistered": 1,
    "passPercent": 100,
    "pendingPercent": 0,
    "other": 0,
    "hasOther": false,
    "skipped": 0,
    "hasSkipped": false
  },
  "results": [
    {
      "uuid": "754eba0e-de23-4c15-b84a-079a4ce9b82a",
      "title": "",
      "fullFile": "cypress\\e2e\\feature\\test01.cy.js",
      "file": "cypress\\e2e\\feature\\test01.cy.js",
      "beforeHooks": [],
      "afterHooks": [],
      "tests": [],
      "suites": [
        {
          "uuid": "73477c75-cf62-4da1-ad3a-06f6e1d1a22b",
          "title": "My first test suite",
          "fullFile": "",
          "file": "",
          "beforeHooks": [],
          "afterHooks": [],
          "tests": [
            {
              "title": "Test Case 01",
              "fullTitle": "My first test suite Test Case 01",
              "timedOut": null,
              "duration": 1061,
              "state": "passed",
              "speed": "fast",
              "pass": true,
              "fail": false,
              "pending": false,
              "context": null,
              "code": "//cy.visit(\"https://example.cypress.io\")\ncy.visit(\"https://www.saucedemo.com\");",
              "err": {},
              "uuid": "22495ccc-ac8d-401a-9f37-a24b3313dd80",
              "parentUUID": "73477c75-cf62-4da1-ad3a-06f6e1d1a22b",
              "isHook": false,
              "skipped": false
            }
          ],
          "suites": [],
          "passes": [
            "22495ccc-ac8d-401a-9f37-a24b3313dd80"
          ],
          "failures": [],
          "pending": [],
          "skipped": [],
          "duration": 1061,
          "root": false,
          "rootEmpty": false,
          "_timeout": 2000
        }
      ],
      "passes": [],
      "failures": [],
      "pending": [],
      "skipped": [],
      "duration": 0,
      "root": true,
      "rootEmpty": true,
      "_timeout": 2000
    }
  ],
  "meta": {
    "mocha": {
      "version": "7.2.0"
    },
    "mochawesome": {
      "options": {
        "quiet": false,
        "reportFilename": "mochawesome",
        "saveHtml": false,
        "saveJson": true,
        "consoleReporter": "spec",
        "useInlineDiffs": false,
        "code": true
      },
      "version": "7.1.4"
    },
    "marge": {
      "options": {
        "reportDir": "cypress/reports",
        "overwrite": false,
        "html": false,
        "json": true
      },
      "version": "6.3.2"
    }
  }
}